damai-helper/app/build/intermediates/manifest_merge_blame_file/debug/manifest-merger-blame-debug-report.txt
1<?xml version="1.0" encoding="utf-8"?>
2<manifest xmlns:android="http://schemas.android.com/apk/res/android"
3    package="com.damai.helper"
4    android:versionCode="1"
5    android:versionName="1.0" >
6
7    <uses-sdk
8        android:minSdkVersion="26"
8-->src/main/AndroidManifest.xml
9        android:targetSdkVersion="33" />
9-->src/main/AndroidManifest.xml
10
11    <uses-permission android:name="android.permission.SYSTEM_ALERT_WINDOW" />
11-->src/main/AndroidManifest.xml:5:5-78
11-->src/main/AndroidManifest.xml:5:22-75
12    <uses-permission android:name="android.permission.SYSTEM_OVERLAY_WINDOW" />
12-->src/main/AndroidManifest.xml:6:5-80
12-->src/main/AndroidManifest.xml:6:22-77
13    <uses-permission android:name="android.permission.FOREGROUND_SERVICE" />
13-->src/main/AndroidManifest.xml:7:5-77
13-->src/main/AndroidManifest.xml:7:22-74
14
15    <application
15-->src/main/AndroidManifest.xml:9:5-42:19
16        android:allowBackup="true"
16-->src/main/AndroidManifest.xml:10:9-35
17        android:appComponentFactory="androidx.core.app.CoreComponentFactory"
17-->[androidx.core:core:1.8.0] AndroidManifest.xml:24:18-86
18        android:debuggable="true"
19        android:extractNativeLibs="false"
20        android:icon="@mipmap/ic_launcher"
20-->src/main/AndroidManifest.xml:11:9-43
21        android:label="@string/app_name"
21-->src/main/AndroidManifest.xml:12:9-41
22        android:supportsRtl="true"
22-->src/main/AndroidManifest.xml:13:9-35
23        android:testOnly="true"
24        android:theme="@style/Theme.DamaiHelper" >
24-->src/main/AndroidManifest.xml:14:9-49
25        <activity
25-->src/main/AndroidManifest.xml:17:9-26:20
26            android:name="com.damai.helper.MainActivity"
26-->src/main/AndroidManifest.xml:18:13-41
27            android:exported="true"
27-->src/main/AndroidManifest.xml:19:13-36
28            android:launchMode="singleTask"
28-->src/main/AndroidManifest.xml:20:13-44
29            android:theme="@style/Theme.DamaiHelper" >
29-->src/main/AndroidManifest.xml:21:13-53
30            <intent-filter>
30-->src/main/AndroidManifest.xml:22:13-25:29
31                <action android:name="android.intent.action.MAIN" />
31-->src/main/AndroidManifest.xml:23:17-69
31-->src/main/AndroidManifest.xml:23:25-66
32
33                <category android:name="android.intent.category.LAUNCHER" />
33-->src/main/AndroidManifest.xml:24:17-77
33-->src/main/AndroidManifest.xml:24:27-74
34            </intent-filter>
35        </activity>
36
37        <service
37-->src/main/AndroidManifest.xml:28:9-41:19
38            android:name="com.damai.helper.DamaiHelperService"
38-->src/main/AndroidManifest.xml:29:13-47
39            android:enabled="true"
39-->src/main/AndroidManifest.xml:30:13-35
40            android:exported="true"
40-->src/main/AndroidManifest.xml:31:13-36
41            android:label="@string/accessibility_service_label"
41-->src/main/AndroidManifest.xml:32:13-64
42            android:permission="android.permission.BIND_ACCESSIBILITY_SERVICE" >
42-->src/main/AndroidManifest.xml:33:13-79
43            <intent-filter>
43-->src/main/AndroidManifest.xml:34:13-36:29
44                <action android:name="android.accessibilityservice.AccessibilityService" />
44-->src/main/AndroidManifest.xml:35:17-92
44-->src/main/AndroidManifest.xml:35:25-89
45            </intent-filter>
46
47            <meta-data
47-->src/main/AndroidManifest.xml:38:13-40:72
48                android:name="android.accessibilityservice"
48-->src/main/AndroidManifest.xml:39:17-60
49                android:resource="@xml/accessibility_service_config" />
49-->src/main/AndroidManifest.xml:40:17-69
50        </service>
51
52        <provider
52-->[androidx.emoji2:emoji2:1.0.0] AndroidManifest.xml:26:9-34:20
53            android:name="androidx.startup.InitializationProvider"
53-->[androidx.emoji2:emoji2:1.0.0] AndroidManifest.xml:27:13-67
54            android:authorities="com.damai.helper.androidx-startup"
54-->[androidx.emoji2:emoji2:1.0.0] AndroidManifest.xml:28:13-68
55            android:exported="false" >
55-->[androidx.emoji2:emoji2:1.0.0] AndroidManifest.xml:29:13-37
56            <meta-data
56-->[androidx.emoji2:emoji2:1.0.0] AndroidManifest.xml:31:13-33:52
57                android:name="androidx.emoji2.text.EmojiCompatInitializer"
57-->[androidx.emoji2:emoji2:1.0.0] AndroidManifest.xml:32:17-75
58                android:value="androidx.startup" />
58-->[androidx.emoji2:emoji2:1.0.0] AndroidManifest.xml:33:17-49
59            <meta-data
59-->[androidx.lifecycle:lifecycle-process:2.4.0] AndroidManifest.xml:31:13-33:52
60                android:name="androidx.lifecycle.ProcessLifecycleInitializer"
60-->[androidx.lifecycle:lifecycle-process:2.4.0] AndroidManifest.xml:32:17-78
61                android:value="androidx.startup" />
61-->[androidx.lifecycle:lifecycle-process:2.4.0] AndroidManifest.xml:33:17-49
62        </provider>
63    </application>
64
65</manifest>